{
  "RSpec": {
    "coverage": {
      "/Users/ryan/turing/3module/projects/Coffin/config/environment.rb": [
        null,
        1,
        null,
        null,
        1
      ],
      "/Users/ryan/turing/3module/projects/Coffin/config/application.rb": [
        1,
        null,
        1,
        null,
        1,
        1,
        1,
        1,
        1,
        1,
        1,
        1,
        1,
        null,
        null,
        null,
        null,
        1,
        null,
        1,
        1,
        null,
        1,
        null,
        null,
        null,
        null,
        null,
        null,
        null,
        1,
        null,
        null
      ],
      "/Users/ryan/turing/3module/projects/Coffin/config/boot.rb": [
        1,
        null,
        1,
        1
      ],
      "/Users/ryan/turing/3module/projects/Coffin/config/environments/test.rb": [
        1,
        null,
        null,
        null,
        null,
        null,
        null,
        1,
        null,
        null,
        null,
        null,
        1,
        null,
        null,
        1,
        1,
        null,
        null,
        null,
        null,
        1,
        1,
        null,
        null,
        1,
        null,
        null,
        1,
        null,
        null,
        1,
        null,
        1,
        null,
        null,
        null,
        null,
        1,
        null,
        null,
        1,
        null,
        null,
        null,
        null
      ],
      "/Users/ryan/turing/3module/projects/Coffin/config/initializers/application_controller_renderer.rb": [
        null,
        null,
        null,
        null,
        null,
        null,
        null,
        null
      ],
      "/Users/ryan/turing/3module/projects/Coffin/config/initializers/assets.rb": [
        null,
        null,
        null,
        1,
        null,
        null,
        null,
        null,
        1,
        null,
        null,
        null,
        null,
        null
      ],
      "/Users/ryan/turing/3module/projects/Coffin/config/initializers/backtrace_silencers.rb": [
        null,
        null,
        null,
        null,
        null,
        null,
        null
      ],
      "/Users/ryan/turing/3module/projects/Coffin/config/initializers/content_security_policy.rb": [
        null,
        null,
        null,
        null,
        null,
        null,
        null,
        null,
        null,
        null,
        null,
        null,
        null,
        null,
        null,
        null,
        null,
        null,
        null,
        null,
        null,
        null,
        null,
        null,
        null
      ],
      "/Users/ryan/turing/3module/projects/Coffin/config/initializers/cookies_serializer.rb": [
        null,
        null,
        null,
        null,
        1
      ],
      "/Users/ryan/turing/3module/projects/Coffin/config/initializers/filter_parameter_logging.rb": [
        null,
        null,
        null,
        1
      ],
      "/Users/ryan/turing/3module/projects/Coffin/config/initializers/inflections.rb": [
        null,
        null,
        null,
        null,
        null,
        null,
        null,
        null,
        null,
        null,
        null,
        null,
        null,
        null,
        null,
        null
      ],
      "/Users/ryan/turing/3module/projects/Coffin/config/initializers/mime_types.rb": [
        null,
        null,
        null,
        null
      ],
      "/Users/ryan/turing/3module/projects/Coffin/config/initializers/omniauth.rb": [
        1,
        1,
        null
      ],
      "/Users/ryan/turing/3module/projects/Coffin/config/initializers/wrap_parameters.rb": [
        null,
        null,
        null,
        null,
        null,
        null,
        1,
        2,
        null,
        null,
        null,
        null,
        null,
        null
      ],
      "/Users/ryan/turing/3module/projects/Coffin/config/routes.rb": [
        1,
        null,
        null,
        1,
        null,
        null,
        1,
        null,
        1,
        null,
        null,
        1,
        null
      ],
      "/Users/ryan/turing/3module/projects/Coffin/app/helpers/application_helper.rb": [
        1,
        null
      ],
      "/Users/ryan/turing/3module/projects/Coffin/spec/features/visitors/welcome_spec.rb": [
        1,
        null,
        1,
        1,
        1,
        1,
        null,
        1,
        null,
        null,
        null
      ],
      "/Users/ryan/turing/3module/projects/Coffin/spec/models/contact_spec.rb": [
        1,
        null,
        1,
        1,
        2,
        2,
        2,
        2,
        null,
        null,
        1,
        2,
        null,
        null,
        1,
        1,
        2,
        null,
        null,
        1,
        1,
        null,
        null,
        1,
        1,
        null,
        1,
        null,
        null,
        null
      ],
      "/Users/ryan/turing/3module/projects/Coffin/app/models/contact.rb": [
        1,
        null,
        null,
        null,
        1,
        1,
        1,
        1,
        null,
        null,
        null,
        1,
        null,
        null,
        null,
        1,
        null,
        null
      ],
      "/Users/ryan/turing/3module/projects/Coffin/app/models/application_record.rb": [
        1,
        1,
        null
      ],
      "/Users/ryan/turing/3module/projects/Coffin/spec/models/dead_man_switch_spec.rb": [
        1,
        null,
        1,
        1,
        2,
        null,
        null,
        1,
        2,
        null,
        null
      ],
      "/Users/ryan/turing/3module/projects/Coffin/app/models/dead_man_switch.rb": [
        1,
        null,
        null,
        null,
        1,
        null,
        null,
        null,
        1,
        null,
        null
      ],
      "/Users/ryan/turing/3module/projects/Coffin/spec/models/employer_spec.rb": [
        1,
        null,
        1,
        1,
        2,
        2,
        2,
        null,
        null,
        1,
        2,
        null,
        null
      ],
      "/Users/ryan/turing/3module/projects/Coffin/app/models/employer.rb": [
        1,
        null,
        null,
        null,
        1,
        1,
        1,
        null,
        null,
        null,
        1,
        null,
        null
      ],
      "/Users/ryan/turing/3module/projects/Coffin/spec/models/financial_account_spec.rb": [
        1,
        null,
        1,
        1,
        2,
        2,
        null,
        null,
        1,
        2,
        null,
        null
      ],
      "/Users/ryan/turing/3module/projects/Coffin/app/models/financial_account.rb": [
        1,
        null,
        null,
        null,
        1,
        1,
        null,
        null,
        null,
        1,
        null,
        null
      ],
      "/Users/ryan/turing/3module/projects/Coffin/spec/models/funeral_spec.rb": [
        1,
        null,
        1,
        1,
        2,
        null,
        null,
        1,
        2,
        null,
        null,
        1,
        1,
        3,
        null,
        null,
        1,
        1,
        null,
        null,
        1,
        1,
        null,
        1,
        null,
        null,
        1,
        1,
        1,
        1,
        1,
        1,
        1,
        null,
        null,
        null
      ],
      "/Users/ryan/turing/3module/projects/Coffin/app/models/funeral.rb": [
        1,
        null,
        null,
        null,
        1,
        null,
        null,
        null,
        1,
        1,
        null,
        null,
        null,
        1,
        null,
        null
      ],
      "/Users/ryan/turing/3module/projects/Coffin/spec/models/user_spec.rb": [
        1,
        null,
        1,
        1,
        2,
        2,
        2,
        null,
        null,
        null,
        1,
        2,
        2,
        2,
        2,
        2,
        null,
        null,
        null
      ],
      "/Users/ryan/turing/3module/projects/Coffin/app/models/user.rb": [
        1,
        null,
        null,
        null,
        1,
        1,
        1,
        null,
        null,
        null,
        1,
        1,
        1,
        1,
        1,
        null,
        null
      ],
      "/Users/ryan/turing/3module/projects/Coffin/app/controllers/welcome_controller.rb": [
        1,
        null,
        1,
        null,
        null,
        null
      ],
      "/Users/ryan/turing/3module/projects/Coffin/app/controllers/application_controller.rb": [
        1,
        null
      ]
    },
    "timestamp": 1563410515
  }
}
